{"D:\\BEJS\\Challange\\challange-5\\app.js": {"path":"D:\\BEJS\\Challange\\challange-5\\app.js","statementMap":{"0":{"start":{"line":1,"column":16},"end":{"line":1,"column":34}},"1":{"start":{"line":2,"column":13},"end":{"line":2,"column":28}},"2":{"start":{"line":3,"column":15},"end":{"line":3,"column":32}},"3":{"start":{"line":4,"column":19},"end":{"line":4,"column":50}},"4":{"start":{"line":5,"column":20},"end":{"line":5,"column":57}},"5":{"start":{"line":6,"column":12},"end":{"line":6,"column":21}},"6":{"start":{"line":8,"column":0},"end":{"line":8,"column":23}},"7":{"start":{"line":9,"column":0},"end":{"line":9,"column":24}},"8":{"start":{"line":11,"column":0},"end":{"line":11,"column":36}},"9":{"start":{"line":12,"column":0},"end":{"line":12,"column":32}},"10":{"start":{"line":15,"column":0},"end":{"line":21,"column":3}},"11":{"start":{"line":16,"column":2},"end":{"line":20,"column":5}},"12":{"start":{"line":24,"column":0},"end":{"line":31,"column":3}},"13":{"start":{"line":25,"column":2},"end":{"line":25,"column":19}},"14":{"start":{"line":26,"column":2},"end":{"line":30,"column":5}},"15":{"start":{"line":33,"column":0},"end":{"line":33,"column":21}}},"fnMap":{"0":{"name":"(anonymous_0)","decl":{"start":{"line":15,"column":8},"end":{"line":15,"column":9}},"loc":{"start":{"line":15,"column":28},"end":{"line":21,"column":1}},"line":15},"1":{"name":"(anonymous_1)","decl":{"start":{"line":24,"column":8},"end":{"line":24,"column":9}},"loc":{"start":{"line":24,"column":33},"end":{"line":31,"column":1}},"line":24}},"branchMap":{},"s":{"0":3,"1":3,"2":3,"3":3,"4":3,"5":3,"6":3,"7":3,"8":3,"9":3,"10":3,"11":1,"12":3,"13":0,"14":0,"15":3},"f":{"0":1,"1":0},"b":{},"_coverageSchema":"1a1c01bbd47fc00a2c39e90264f33305004495a9","hash":"f3fee2462ed8ed5147900dbcb18b99e95200bba3"}
,"D:\\BEJS\\Challange\\challange-5\\controllers\\accounts.controllers.js": {"path":"D:\\BEJS\\Challange\\challange-5\\controllers\\accounts.controllers.js","statementMap":{"0":{"start":{"line":1,"column":25},"end":{"line":1,"column":50}},"1":{"start":{"line":2,"column":15},"end":{"line":2,"column":33}},"2":{"start":{"line":4,"column":0},"end":{"line":112,"column":2}},"3":{"start":{"line":6,"column":4},"end":{"line":24,"column":5}},"4":{"start":{"line":7,"column":61},"end":{"line":7,"column":69}},"5":{"start":{"line":9,"column":20},"end":{"line":16,"column":8}},"6":{"start":{"line":17,"column":6},"end":{"line":21,"column":9}},"7":{"start":{"line":23,"column":6},"end":{"line":23,"column":16}},"8":{"start":{"line":28,"column":4},"end":{"line":41,"column":5}},"9":{"start":{"line":29,"column":20},"end":{"line":33,"column":8}},"10":{"start":{"line":34,"column":6},"end":{"line":38,"column":9}},"11":{"start":{"line":40,"column":6},"end":{"line":40,"column":16}},"12":{"start":{"line":45,"column":4},"end":{"line":69,"column":5}},"13":{"start":{"line":46,"column":26},"end":{"line":46,"column":36}},"14":{"start":{"line":48,"column":20},"end":{"line":52,"column":8}},"15":{"start":{"line":54,"column":6},"end":{"line":60,"column":7}},"16":{"start":{"line":55,"column":8},"end":{"line":59,"column":11}},"17":{"start":{"line":62,"column":6},"end":{"line":66,"column":9}},"18":{"start":{"line":68,"column":6},"end":{"line":68,"column":16}},"19":{"start":{"line":73,"column":4},"end":{"line":93,"column":5}},"20":{"start":{"line":74,"column":26},"end":{"line":74,"column":36}},"21":{"start":{"line":75,"column":53},"end":{"line":75,"column":61}},"22":{"start":{"line":77,"column":27},"end":{"line":84,"column":8}},"23":{"start":{"line":86,"column":6},"end":{"line":90,"column":9}},"24":{"start":{"line":92,"column":6},"end":{"line":92,"column":18}},"25":{"start":{"line":97,"column":4},"end":{"line":110,"column":5}},"26":{"start":{"line":98,"column":26},"end":{"line":98,"column":36}},"27":{"start":{"line":99,"column":27},"end":{"line":101,"column":8}},"28":{"start":{"line":103,"column":6},"end":{"line":107,"column":9}},"29":{"start":{"line":109,"column":6},"end":{"line":109,"column":16}}},"fnMap":{"0":{"name":"(anonymous_0)","decl":{"start":{"line":5,"column":18},"end":{"line":5,"column":19}},"loc":{"start":{"line":5,"column":44},"end":{"line":25,"column":3}},"line":5},"1":{"name":"(anonymous_1)","decl":{"start":{"line":27,"column":18},"end":{"line":27,"column":19}},"loc":{"start":{"line":27,"column":44},"end":{"line":42,"column":3}},"line":27},"2":{"name":"(anonymous_2)","decl":{"start":{"line":44,"column":20},"end":{"line":44,"column":21}},"loc":{"start":{"line":44,"column":46},"end":{"line":70,"column":3}},"line":44},"3":{"name":"(anonymous_3)","decl":{"start":{"line":72,"column":21},"end":{"line":72,"column":22}},"loc":{"start":{"line":72,"column":47},"end":{"line":94,"column":3}},"line":72},"4":{"name":"(anonymous_4)","decl":{"start":{"line":96,"column":17},"end":{"line":96,"column":18}},"loc":{"start":{"line":96,"column":43},"end":{"line":111,"column":3}},"line":96}},"branchMap":{"0":{"loc":{"start":{"line":54,"column":6},"end":{"line":60,"column":7}},"type":"if","locations":[{"start":{"line":54,"column":6},"end":{"line":60,"column":7}},{"start":{},"end":{}}],"line":54}},"s":{"0":3,"1":3,"2":3,"3":0,"4":0,"5":0,"6":0,"7":0,"8":0,"9":0,"10":0,"11":0,"12":0,"13":0,"14":0,"15":0,"16":0,"17":0,"18":0,"19":0,"20":0,"21":0,"22":0,"23":0,"24":0,"25":0,"26":0,"27":0,"28":0,"29":0},"f":{"0":0,"1":0,"2":0,"3":0,"4":0},"b":{"0":[0,0]},"_coverageSchema":"1a1c01bbd47fc00a2c39e90264f33305004495a9","hash":"77fabfdff99551367ef0f956f9c85a88ebc98244"}
,"D:\\BEJS\\Challange\\challange-5\\controllers\\auth.controllers.js": {"path":"D:\\BEJS\\Challange\\challange-5\\controllers\\auth.controllers.js","statementMap":{"0":{"start":{"line":1,"column":25},"end":{"line":1,"column":50}},"1":{"start":{"line":2,"column":15},"end":{"line":2,"column":33}},"2":{"start":{"line":3,"column":15},"end":{"line":3,"column":32}},"3":{"start":{"line":4,"column":12},"end":{"line":4,"column":35}},"4":{"start":{"line":5,"column":27},"end":{"line":5,"column":38}},"5":{"start":{"line":7,"column":0},"end":{"line":98,"column":2}},"6":{"start":{"line":9,"column":4},"end":{"line":50,"column":5}},"7":{"start":{"line":10,"column":70},"end":{"line":10,"column":78}},"8":{"start":{"line":11,"column":6},"end":{"line":18,"column":7}},"9":{"start":{"line":12,"column":8},"end":{"line":17,"column":11}},"10":{"start":{"line":20,"column":22},"end":{"line":20,"column":72}},"11":{"start":{"line":21,"column":6},"end":{"line":28,"column":7}},"12":{"start":{"line":22,"column":8},"end":{"line":27,"column":11}},"13":{"start":{"line":30,"column":30},"end":{"line":30,"column":61}},"14":{"start":{"line":31,"column":17},"end":{"line":40,"column":8}},"15":{"start":{"line":42,"column":6},"end":{"line":47,"column":9}},"16":{"start":{"line":49,"column":6},"end":{"line":49,"column":16}},"17":{"start":{"line":54,"column":4},"end":{"line":87,"column":5}},"18":{"start":{"line":55,"column":32},"end":{"line":55,"column":40}},"19":{"start":{"line":57,"column":17},"end":{"line":57,"column":67}},"20":{"start":{"line":58,"column":6},"end":{"line":65,"column":7}},"21":{"start":{"line":59,"column":8},"end":{"line":64,"column":11}},"22":{"start":{"line":67,"column":30},"end":{"line":67,"column":75}},"23":{"start":{"line":68,"column":6},"end":{"line":75,"column":7}},"24":{"start":{"line":69,"column":8},"end":{"line":74,"column":11}},"25":{"start":{"line":77,"column":18},"end":{"line":77,"column":59}},"26":{"start":{"line":79,"column":6},"end":{"line":84,"column":9}},"27":{"start":{"line":86,"column":6},"end":{"line":86,"column":16}},"28":{"start":{"line":91,"column":4},"end":{"line":96,"column":7}}},"fnMap":{"0":{"name":"(anonymous_0)","decl":{"start":{"line":8,"column":12},"end":{"line":8,"column":13}},"loc":{"start":{"line":8,"column":38},"end":{"line":51,"column":3}},"line":8},"1":{"name":"(anonymous_1)","decl":{"start":{"line":53,"column":9},"end":{"line":53,"column":10}},"loc":{"start":{"line":53,"column":35},"end":{"line":88,"column":3}},"line":53},"2":{"name":"(anonymous_2)","decl":{"start":{"line":90,"column":10},"end":{"line":90,"column":11}},"loc":{"start":{"line":90,"column":30},"end":{"line":97,"column":3}},"line":90}},"branchMap":{"0":{"loc":{"start":{"line":11,"column":6},"end":{"line":18,"column":7}},"type":"if","locations":[{"start":{"line":11,"column":6},"end":{"line":18,"column":7}},{"start":{},"end":{}}],"line":11},"1":{"loc":{"start":{"line":21,"column":6},"end":{"line":28,"column":7}},"type":"if","locations":[{"start":{"line":21,"column":6},"end":{"line":28,"column":7}},{"start":{},"end":{}}],"line":21},"2":{"loc":{"start":{"line":58,"column":6},"end":{"line":65,"column":7}},"type":"if","locations":[{"start":{"line":58,"column":6},"end":{"line":65,"column":7}},{"start":{},"end":{}}],"line":58},"3":{"loc":{"start":{"line":68,"column":6},"end":{"line":75,"column":7}},"type":"if","locations":[{"start":{"line":68,"column":6},"end":{"line":75,"column":7}},{"start":{},"end":{}}],"line":68}},"s":{"0":3,"1":3,"2":3,"3":3,"4":3,"5":3,"6":0,"7":0,"8":0,"9":0,"10":0,"11":0,"12":0,"13":0,"14":0,"15":0,"16":0,"17":0,"18":0,"19":0,"20":0,"21":0,"22":0,"23":0,"24":0,"25":0,"26":0,"27":0,"28":0},"f":{"0":0,"1":0,"2":0},"b":{"0":[0,0],"1":[0,0],"2":[0,0],"3":[0,0]},"_coverageSchema":"1a1c01bbd47fc00a2c39e90264f33305004495a9","hash":"62dfeede198e01788f707c54a1ea67df8eec761b"}
,"D:\\BEJS\\Challange\\challange-5\\controllers\\transaksi.controllers.js": {"path":"D:\\BEJS\\Challange\\challange-5\\controllers\\transaksi.controllers.js","statementMap":{"0":{"start":{"line":1,"column":25},"end":{"line":1,"column":50}},"1":{"start":{"line":2,"column":15},"end":{"line":2,"column":33}},"2":{"start":{"line":4,"column":0},"end":{"line":121,"column":2}},"3":{"start":{"line":6,"column":4},"end":{"line":77,"column":5}},"4":{"start":{"line":7,"column":60},"end":{"line":7,"column":68}},"5":{"start":{"line":10,"column":26},"end":{"line":14,"column":8}},"6":{"start":{"line":16,"column":29},"end":{"line":20,"column":8}},"7":{"start":{"line":22,"column":6},"end":{"line":28,"column":7}},"8":{"start":{"line":23,"column":8},"end":{"line":27,"column":11}},"9":{"start":{"line":31,"column":6},"end":{"line":37,"column":7}},"10":{"start":{"line":32,"column":8},"end":{"line":36,"column":11}},"11":{"start":{"line":39,"column":30},"end":{"line":45,"column":8}},"12":{"start":{"line":48,"column":6},"end":{"line":57,"column":9}},"13":{"start":{"line":59,"column":6},"end":{"line":68,"column":9}},"14":{"start":{"line":70,"column":6},"end":{"line":74,"column":9}},"15":{"start":{"line":76,"column":6},"end":{"line":76,"column":16}},"16":{"start":{"line":81,"column":4},"end":{"line":91,"column":5}},"17":{"start":{"line":82,"column":25},"end":{"line":82,"column":58}},"18":{"start":{"line":84,"column":6},"end":{"line":88,"column":9}},"19":{"start":{"line":90,"column":6},"end":{"line":90,"column":16}},"20":{"start":{"line":95,"column":4},"end":{"line":119,"column":5}},"21":{"start":{"line":96,"column":30},"end":{"line":96,"column":40}},"22":{"start":{"line":98,"column":24},"end":{"line":102,"column":8}},"23":{"start":{"line":104,"column":6},"end":{"line":110,"column":7}},"24":{"start":{"line":105,"column":8},"end":{"line":109,"column":11}},"25":{"start":{"line":112,"column":6},"end":{"line":116,"column":9}},"26":{"start":{"line":118,"column":6},"end":{"line":118,"column":16}}},"fnMap":{"0":{"name":"(anonymous_0)","decl":{"start":{"line":5,"column":19},"end":{"line":5,"column":20}},"loc":{"start":{"line":5,"column":45},"end":{"line":78,"column":3}},"line":5},"1":{"name":"(anonymous_1)","decl":{"start":{"line":80,"column":19},"end":{"line":80,"column":20}},"loc":{"start":{"line":80,"column":45},"end":{"line":92,"column":3}},"line":80},"2":{"name":"(anonymous_2)","decl":{"start":{"line":94,"column":22},"end":{"line":94,"column":23}},"loc":{"start":{"line":94,"column":48},"end":{"line":120,"column":3}},"line":94}},"branchMap":{"0":{"loc":{"start":{"line":22,"column":6},"end":{"line":28,"column":7}},"type":"if","locations":[{"start":{"line":22,"column":6},"end":{"line":28,"column":7}},{"start":{},"end":{}}],"line":22},"1":{"loc":{"start":{"line":22,"column":10},"end":{"line":22,"column":45}},"type":"binary-expr","locations":[{"start":{"line":22,"column":10},"end":{"line":22,"column":24}},{"start":{"line":22,"column":28},"end":{"line":22,"column":45}}],"line":22},"2":{"loc":{"start":{"line":31,"column":6},"end":{"line":37,"column":7}},"type":"if","locations":[{"start":{"line":31,"column":6},"end":{"line":37,"column":7}},{"start":{},"end":{}}],"line":31},"3":{"loc":{"start":{"line":104,"column":6},"end":{"line":110,"column":7}},"type":"if","locations":[{"start":{"line":104,"column":6},"end":{"line":110,"column":7}},{"start":{},"end":{}}],"line":104}},"s":{"0":3,"1":3,"2":3,"3":0,"4":0,"5":0,"6":0,"7":0,"8":0,"9":0,"10":0,"11":0,"12":0,"13":0,"14":0,"15":0,"16":0,"17":0,"18":0,"19":0,"20":0,"21":0,"22":0,"23":0,"24":0,"25":0,"26":0},"f":{"0":0,"1":0,"2":0},"b":{"0":[0,0],"1":[0,0],"2":[0,0],"3":[0,0]},"_coverageSchema":"1a1c01bbd47fc00a2c39e90264f33305004495a9","hash":"f75cfafa294ddef584b0121b96ba80aa7c902c97"}
,"D:\\BEJS\\Challange\\challange-5\\controllers\\user.controllers.js": {"path":"D:\\BEJS\\Challange\\challange-5\\controllers\\user.controllers.js","statementMap":{"0":{"start":{"line":1,"column":25},"end":{"line":1,"column":50}},"1":{"start":{"line":2,"column":15},"end":{"line":2,"column":33}},"2":{"start":{"line":3,"column":26},"end":{"line":3,"column":60}},"3":{"start":{"line":5,"column":0},"end":{"line":136,"column":2}},"4":{"start":{"line":7,"column":4},"end":{"line":24,"column":5}},"5":{"start":{"line":8,"column":18},"end":{"line":16,"column":8}},"6":{"start":{"line":17,"column":6},"end":{"line":21,"column":9}},"7":{"start":{"line":23,"column":6},"end":{"line":23,"column":16}},"8":{"start":{"line":28,"column":4},"end":{"line":56,"column":5}},"9":{"start":{"line":29,"column":23},"end":{"line":29,"column":33}},"10":{"start":{"line":31,"column":17},"end":{"line":39,"column":8}},"11":{"start":{"line":41,"column":6},"end":{"line":47,"column":7}},"12":{"start":{"line":42,"column":8},"end":{"line":46,"column":11}},"13":{"start":{"line":49,"column":6},"end":{"line":53,"column":9}},"14":{"start":{"line":55,"column":6},"end":{"line":55,"column":16}},"15":{"start":{"line":60,"column":4},"end":{"line":89,"column":5}},"16":{"start":{"line":61,"column":37},"end":{"line":61,"column":46}},"17":{"start":{"line":62,"column":6},"end":{"line":62,"column":28}},"18":{"start":{"line":63,"column":6},"end":{"line":63,"column":26}},"19":{"start":{"line":65,"column":18},"end":{"line":75,"column":8}},"20":{"start":{"line":76,"column":23},"end":{"line":78,"column":8}},"21":{"start":{"line":80,"column":23},"end":{"line":80,"column":65}},"22":{"start":{"line":82,"column":6},"end":{"line":86,"column":9}},"23":{"start":{"line":88,"column":6},"end":{"line":88,"column":16}},"24":{"start":{"line":93,"column":4},"end":{"line":117,"column":5}},"25":{"start":{"line":94,"column":19},"end":{"line":94,"column":46}},"26":{"start":{"line":95,"column":47},"end":{"line":95,"column":55}},"27":{"start":{"line":97,"column":24},"end":{"line":108,"column":8}},"28":{"start":{"line":110,"column":6},"end":{"line":114,"column":9}},"29":{"start":{"line":116,"column":6},"end":{"line":116,"column":16}},"30":{"start":{"line":121,"column":4},"end":{"line":134,"column":5}},"31":{"start":{"line":122,"column":23},"end":{"line":122,"column":33}},"32":{"start":{"line":123,"column":26},"end":{"line":125,"column":8}},"33":{"start":{"line":127,"column":6},"end":{"line":131,"column":9}},"34":{"start":{"line":133,"column":6},"end":{"line":133,"column":16}}},"fnMap":{"0":{"name":"(anonymous_0)","decl":{"start":{"line":6,"column":14},"end":{"line":6,"column":15}},"loc":{"start":{"line":6,"column":40},"end":{"line":25,"column":3}},"line":6},"1":{"name":"(anonymous_1)","decl":{"start":{"line":27,"column":17},"end":{"line":27,"column":18}},"loc":{"start":{"line":27,"column":43},"end":{"line":57,"column":3}},"line":27},"2":{"name":"(anonymous_2)","decl":{"start":{"line":59,"column":21},"end":{"line":59,"column":22}},"loc":{"start":{"line":59,"column":47},"end":{"line":90,"column":3}},"line":59},"3":{"name":"(anonymous_3)","decl":{"start":{"line":92,"column":14},"end":{"line":92,"column":15}},"loc":{"start":{"line":92,"column":40},"end":{"line":118,"column":3}},"line":92},"4":{"name":"(anonymous_4)","decl":{"start":{"line":120,"column":14},"end":{"line":120,"column":15}},"loc":{"start":{"line":120,"column":40},"end":{"line":135,"column":3}},"line":120}},"branchMap":{"0":{"loc":{"start":{"line":41,"column":6},"end":{"line":47,"column":7}},"type":"if","locations":[{"start":{"line":41,"column":6},"end":{"line":47,"column":7}},{"start":{},"end":{}}],"line":41},"1":{"loc":{"start":{"line":61,"column":12},"end":{"line":61,"column":22}},"type":"default-arg","locations":[{"start":{"line":61,"column":20},"end":{"line":61,"column":22}}],"line":61},"2":{"loc":{"start":{"line":61,"column":24},"end":{"line":61,"column":32}},"type":"default-arg","locations":[{"start":{"line":61,"column":31},"end":{"line":61,"column":32}}],"line":61}},"s":{"0":3,"1":3,"2":3,"3":3,"4":0,"5":0,"6":0,"7":0,"8":0,"9":0,"10":0,"11":0,"12":0,"13":0,"14":0,"15":0,"16":0,"17":0,"18":0,"19":0,"20":0,"21":0,"22":0,"23":0,"24":0,"25":0,"26":0,"27":0,"28":0,"29":0,"30":0,"31":0,"32":0,"33":0,"34":0},"f":{"0":0,"1":0,"2":0,"3":0,"4":0},"b":{"0":[0,0],"1":[0],"2":[0]},"_coverageSchema":"1a1c01bbd47fc00a2c39e90264f33305004495a9","hash":"0e6eea3a10a0d0e523678346e2a19b755ae62ff2"}
,"D:\\BEJS\\Challange\\challange-5\\libs\\pagination.libs.js": {"path":"D:\\BEJS\\Challange\\challange-5\\libs\\pagination.libs.js","statementMap":{"0":{"start":{"line":1,"column":0},"end":{"line":28,"column":2}},"1":{"start":{"line":3,"column":17},"end":{"line":3,"column":19}},"2":{"start":{"line":4,"column":15},"end":{"line":4,"column":17}},"3":{"start":{"line":5,"column":15},"end":{"line":5,"column":78}},"4":{"start":{"line":7,"column":4},"end":{"line":21,"column":5}},"5":{"start":{"line":8,"column":6},"end":{"line":8,"column":21}},"6":{"start":{"line":9,"column":6},"end":{"line":13,"column":7}},"7":{"start":{"line":10,"column":8},"end":{"line":10,"column":23}},"8":{"start":{"line":12,"column":8},"end":{"line":12,"column":62}},"9":{"start":{"line":15,"column":6},"end":{"line":15,"column":60}},"10":{"start":{"line":16,"column":6},"end":{"line":20,"column":7}},"11":{"start":{"line":17,"column":8},"end":{"line":17,"column":23}},"12":{"start":{"line":19,"column":8},"end":{"line":19,"column":62}},"13":{"start":{"line":23,"column":4},"end":{"line":23,"column":24}},"14":{"start":{"line":24,"column":4},"end":{"line":24,"column":31}},"15":{"start":{"line":26,"column":4},"end":{"line":26,"column":18}}},"fnMap":{"0":{"name":"(anonymous_0)","decl":{"start":{"line":2,"column":17},"end":{"line":2,"column":18}},"loc":{"start":{"line":2,"column":46},"end":{"line":27,"column":3}},"line":2}},"branchMap":{"0":{"loc":{"start":{"line":7,"column":4},"end":{"line":21,"column":5}},"type":"if","locations":[{"start":{"line":7,"column":4},"end":{"line":21,"column":5}},{"start":{"line":14,"column":11},"end":{"line":21,"column":5}}],"line":7},"1":{"loc":{"start":{"line":9,"column":6},"end":{"line":13,"column":7}},"type":"if","locations":[{"start":{"line":9,"column":6},"end":{"line":13,"column":7}},{"start":{"line":11,"column":13},"end":{"line":13,"column":7}}],"line":9},"2":{"loc":{"start":{"line":16,"column":6},"end":{"line":20,"column":7}},"type":"if","locations":[{"start":{"line":16,"column":6},"end":{"line":20,"column":7}},{"start":{"line":18,"column":13},"end":{"line":20,"column":7}}],"line":16}},"s":{"0":3,"1":0,"2":0,"3":0,"4":0,"5":0,"6":0,"7":0,"8":0,"9":0,"10":0,"11":0,"12":0,"13":0,"14":0,"15":0},"f":{"0":0},"b":{"0":[0,0],"1":[0,0],"2":[0,0]},"_coverageSchema":"1a1c01bbd47fc00a2c39e90264f33305004495a9","hash":"f8200bafdafcff03c4fe4025e699ac80c6d6d658"}
,"D:\\BEJS\\Challange\\challange-5\\middlewares\\auth.middlewares.js": {"path":"D:\\BEJS\\Challange\\challange-5\\middlewares\\auth.middlewares.js","statementMap":{"0":{"start":{"line":1,"column":25},"end":{"line":1,"column":50}},"1":{"start":{"line":2,"column":15},"end":{"line":2,"column":33}},"2":{"start":{"line":3,"column":12},"end":{"line":3,"column":35}},"3":{"start":{"line":4,"column":27},"end":{"line":4,"column":38}},"4":{"start":{"line":6,"column":0},"end":{"line":32,"column":2}},"5":{"start":{"line":8,"column":28},"end":{"line":8,"column":39}},"6":{"start":{"line":9,"column":4},"end":{"line":16,"column":5}},"7":{"start":{"line":10,"column":6},"end":{"line":15,"column":9}},"8":{"start":{"line":18,"column":4},"end":{"line":30,"column":7}},"9":{"start":{"line":19,"column":6},"end":{"line":26,"column":7}},"10":{"start":{"line":20,"column":8},"end":{"line":25,"column":11}},"11":{"start":{"line":28,"column":6},"end":{"line":28,"column":77}},"12":{"start":{"line":29,"column":6},"end":{"line":29,"column":13}}},"fnMap":{"0":{"name":"(anonymous_0)","decl":{"start":{"line":7,"column":12},"end":{"line":7,"column":13}},"loc":{"start":{"line":7,"column":32},"end":{"line":31,"column":3}},"line":7},"1":{"name":"(anonymous_1)","decl":{"start":{"line":18,"column":46},"end":{"line":18,"column":47}},"loc":{"start":{"line":18,"column":70},"end":{"line":30,"column":5}},"line":18}},"branchMap":{"0":{"loc":{"start":{"line":9,"column":4},"end":{"line":16,"column":5}},"type":"if","locations":[{"start":{"line":9,"column":4},"end":{"line":16,"column":5}},{"start":{},"end":{}}],"line":9},"1":{"loc":{"start":{"line":19,"column":6},"end":{"line":26,"column":7}},"type":"if","locations":[{"start":{"line":19,"column":6},"end":{"line":26,"column":7}},{"start":{},"end":{}}],"line":19}},"s":{"0":3,"1":3,"2":3,"3":3,"4":3,"5":9,"6":9,"7":9,"8":0,"9":0,"10":0,"11":0,"12":0},"f":{"0":9,"1":0},"b":{"0":[9,0],"1":[0,0]},"_coverageSchema":"1a1c01bbd47fc00a2c39e90264f33305004495a9","hash":"1e86f528527f8f160b68d3391ead93cde4af5912"}
,"D:\\BEJS\\Challange\\challange-5\\routes\\auth.routes.js": {"path":"D:\\BEJS\\Challange\\challange-5\\routes\\auth.routes.js","statementMap":{"0":{"start":{"line":1,"column":36},"end":{"line":1,"column":78}},"1":{"start":{"line":2,"column":21},"end":{"line":2,"column":63}},"2":{"start":{"line":3,"column":15},"end":{"line":3,"column":42}},"3":{"start":{"line":5,"column":0},"end":{"line":5,"column":35}},"4":{"start":{"line":6,"column":0},"end":{"line":6,"column":29}},"5":{"start":{"line":7,"column":0},"end":{"line":7,"column":40}},"6":{"start":{"line":9,"column":0},"end":{"line":9,"column":24}}},"fnMap":{},"branchMap":{},"s":{"0":3,"1":3,"2":3,"3":3,"4":3,"5":3,"6":3},"f":{},"b":{},"_coverageSchema":"1a1c01bbd47fc00a2c39e90264f33305004495a9","hash":"dd21ad22ebf56b95ef3d1d5d8c2c55b5e8e1e738"}
,"D:\\BEJS\\Challange\\challange-5\\routes\\endpointv1.routes.js": {"path":"D:\\BEJS\\Challange\\challange-5\\routes\\endpointv1.routes.js","statementMap":{"0":{"start":{"line":1,"column":16},"end":{"line":1,"column":34}},"1":{"start":{"line":2,"column":15},"end":{"line":2,"column":42}},"2":{"start":{"line":3,"column":21},"end":{"line":3,"column":63}},"3":{"start":{"line":10,"column":4},"end":{"line":10,"column":46}},"4":{"start":{"line":17,"column":4},"end":{"line":17,"column":50}},"5":{"start":{"line":22,"column":4},"end":{"line":22,"column":51}},"6":{"start":{"line":24,"column":0},"end":{"line":30,"column":3}},"7":{"start":{"line":25,"column":2},"end":{"line":29,"column":5}},"8":{"start":{"line":33,"column":0},"end":{"line":33,"column":43}},"9":{"start":{"line":34,"column":0},"end":{"line":34,"column":54}},"10":{"start":{"line":35,"column":0},"end":{"line":35,"column":54}},"11":{"start":{"line":36,"column":0},"end":{"line":36,"column":60}},"12":{"start":{"line":37,"column":0},"end":{"line":37,"column":51}},"13":{"start":{"line":40,"column":0},"end":{"line":40,"column":51}},"14":{"start":{"line":41,"column":0},"end":{"line":41,"column":50}},"15":{"start":{"line":42,"column":0},"end":{"line":42,"column":63}},"16":{"start":{"line":43,"column":0},"end":{"line":43,"column":64}},"17":{"start":{"line":44,"column":0},"end":{"line":44,"column":63}},"18":{"start":{"line":47,"column":0},"end":{"line":47,"column":56}},"19":{"start":{"line":48,"column":0},"end":{"line":48,"column":55}},"20":{"start":{"line":49,"column":0},"end":{"line":49,"column":73}},"21":{"start":{"line":51,"column":0},"end":{"line":51,"column":24}}},"fnMap":{"0":{"name":"(anonymous_0)","decl":{"start":{"line":24,"column":16},"end":{"line":24,"column":17}},"loc":{"start":{"line":24,"column":30},"end":{"line":30,"column":1}},"line":24}},"branchMap":{},"s":{"0":3,"1":3,"2":3,"3":3,"4":3,"5":3,"6":3,"7":0,"8":3,"9":3,"10":3,"11":3,"12":3,"13":3,"14":3,"15":3,"16":3,"17":3,"18":3,"19":3,"20":3,"21":3},"f":{"0":0},"b":{},"_coverageSchema":"1a1c01bbd47fc00a2c39e90264f33305004495a9","hash":"d2f05d5c1dcc9d74b565a689e85cac49dc003eb6"}
}
