TN:
SF:app.js
FN:15,(anonymous_0)
FN:24,(anonymous_1)
FNF:2
FNH:1
FNDA:1,(anonymous_0)
FNDA:0,(anonymous_1)
DA:1,3
DA:2,3
DA:3,3
DA:4,3
DA:5,3
DA:6,3
DA:8,3
DA:9,3
DA:11,3
DA:12,3
DA:15,3
DA:16,1
DA:24,3
DA:25,0
DA:26,0
DA:33,3
LF:16
LH:14
BRF:0
BRH:0
end_of_record
TN:
SF:controllers\accounts.controllers.js
FN:5,(anonymous_0)
FN:27,(anonymous_1)
FN:44,(anonymous_2)
FN:72,(anonymous_3)
FN:96,(anonymous_4)
FNF:5
FNH:0
FNDA:0,(anonymous_0)
FNDA:0,(anonymous_1)
FNDA:0,(anonymous_2)
FNDA:0,(anonymous_3)
FNDA:0,(anonymous_4)
DA:1,3
DA:2,3
DA:4,3
DA:6,0
DA:7,0
DA:9,0
DA:17,0
DA:23,0
DA:28,0
DA:29,0
DA:34,0
DA:40,0
DA:45,0
DA:46,0
DA:48,0
DA:54,0
DA:55,0
DA:62,0
DA:68,0
DA:73,0
DA:74,0
DA:75,0
DA:77,0
DA:86,0
DA:92,0
DA:97,0
DA:98,0
DA:99,0
DA:103,0
DA:109,0
LF:30
LH:3
BRDA:54,0,0,0
BRDA:54,0,1,0
BRF:2
BRH:0
end_of_record
TN:
SF:controllers\auth.controllers.js
FN:8,(anonymous_0)
FN:53,(anonymous_1)
FN:90,(anonymous_2)
FNF:3
FNH:0
FNDA:0,(anonymous_0)
FNDA:0,(anonymous_1)
FNDA:0,(anonymous_2)
DA:1,3
DA:2,3
DA:3,3
DA:4,3
DA:5,3
DA:7,3
DA:9,0
DA:10,0
DA:11,0
DA:12,0
DA:20,0
DA:21,0
DA:22,0
DA:30,0
DA:31,0
DA:42,0
DA:49,0
DA:54,0
DA:55,0
DA:57,0
DA:58,0
DA:59,0
DA:67,0
DA:68,0
DA:69,0
DA:77,0
DA:79,0
DA:86,0
DA:91,0
LF:29
LH:6
BRDA:11,0,0,0
BRDA:11,0,1,0
BRDA:21,1,0,0
BRDA:21,1,1,0
BRDA:58,2,0,0
BRDA:58,2,1,0
BRDA:68,3,0,0
BRDA:68,3,1,0
BRF:8
BRH:0
end_of_record
TN:
SF:controllers\transaksi.controllers.js
FN:5,(anonymous_0)
FN:80,(anonymous_1)
FN:94,(anonymous_2)
FNF:3
FNH:0
FNDA:0,(anonymous_0)
FNDA:0,(anonymous_1)
FNDA:0,(anonymous_2)
DA:1,3
DA:2,3
DA:4,3
DA:6,0
DA:7,0
DA:10,0
DA:16,0
DA:22,0
DA:23,0
DA:31,0
DA:32,0
DA:39,0
DA:48,0
DA:59,0
DA:70,0
DA:76,0
DA:81,0
DA:82,0
DA:84,0
DA:90,0
DA:95,0
DA:96,0
DA:98,0
DA:104,0
DA:105,0
DA:112,0
DA:118,0
LF:27
LH:3
BRDA:22,0,0,0
BRDA:22,0,1,0
BRDA:22,1,0,0
BRDA:22,1,1,0
BRDA:31,2,0,0
BRDA:31,2,1,0
BRDA:104,3,0,0
BRDA:104,3,1,0
BRF:8
BRH:0
end_of_record
TN:
SF:controllers\user.controllers.js
FN:6,(anonymous_0)
FN:27,(anonymous_1)
FN:59,(anonymous_2)
FN:92,(anonymous_3)
FN:120,(anonymous_4)
FNF:5
FNH:0
FNDA:0,(anonymous_0)
FNDA:0,(anonymous_1)
FNDA:0,(anonymous_2)
FNDA:0,(anonymous_3)
FNDA:0,(anonymous_4)
DA:1,3
DA:2,3
DA:3,3
DA:5,3
DA:7,0
DA:8,0
DA:17,0
DA:23,0
DA:28,0
DA:29,0
DA:31,0
DA:41,0
DA:42,0
DA:49,0
DA:55,0
DA:60,0
DA:61,0
DA:62,0
DA:63,0
DA:65,0
DA:76,0
DA:80,0
DA:82,0
DA:88,0
DA:93,0
DA:94,0
DA:95,0
DA:97,0
DA:110,0
DA:116,0
DA:121,0
DA:122,0
DA:123,0
DA:127,0
DA:133,0
LF:35
LH:4
BRDA:41,0,0,0
BRDA:41,0,1,0
BRDA:61,1,0,0
BRDA:61,2,0,0
BRF:4
BRH:0
end_of_record
TN:
SF:libs\pagination.libs.js
FN:2,(anonymous_0)
FNF:1
FNH:0
FNDA:0,(anonymous_0)
DA:1,3
DA:3,0
DA:4,0
DA:5,0
DA:7,0
DA:8,0
DA:9,0
DA:10,0
DA:12,0
DA:15,0
DA:16,0
DA:17,0
DA:19,0
DA:23,0
DA:24,0
DA:26,0
LF:16
LH:1
BRDA:7,0,0,0
BRDA:7,0,1,0
BRDA:9,1,0,0
BRDA:9,1,1,0
BRDA:16,2,0,0
BRDA:16,2,1,0
BRF:6
BRH:0
end_of_record
TN:
SF:middlewares\auth.middlewares.js
FN:7,(anonymous_0)
FN:18,(anonymous_1)
FNF:2
FNH:1
FNDA:9,(anonymous_0)
FNDA:0,(anonymous_1)
DA:1,3
DA:2,3
DA:3,3
DA:4,3
DA:6,3
DA:8,9
DA:9,9
DA:10,9
DA:18,0
DA:19,0
DA:20,0
DA:28,0
DA:29,0
LF:13
LH:8
BRDA:9,0,0,9
BRDA:9,0,1,0
BRDA:19,1,0,0
BRDA:19,1,1,0
BRF:4
BRH:1
end_of_record
TN:
SF:routes\auth.routes.js
FNF:0
FNH:0
DA:1,3
DA:2,3
DA:3,3
DA:5,3
DA:6,3
DA:7,3
DA:9,3
LF:7
LH:7
BRF:0
BRH:0
end_of_record
TN:
SF:routes\endpointv1.routes.js
FN:24,(anonymous_0)
FNF:1
FNH:0
FNDA:0,(anonymous_0)
DA:1,3
DA:2,3
DA:3,3
DA:10,3
DA:17,3
DA:22,3
DA:24,3
DA:25,0
DA:33,3
DA:34,3
DA:35,3
DA:36,3
DA:37,3
DA:40,3
DA:41,3
DA:42,3
DA:43,3
DA:44,3
DA:47,3
DA:48,3
DA:49,3
DA:51,3
LF:22
LH:21
BRF:0
BRH:0
end_of_record
